<?xml version="1.0" encoding="UTF-8"?>
<!-- Generated by org.testng.reporters.JUnitXMLReporter -->
<testsuite ignored="0" hostname="INNOWAVE-644" failures="0" tests="2" name="Surefire test" time="25.379" errors="0" timestamp="2022-06-22T08:53:52 WEST">
  <testcase classname="io.cucumber.testng.AbstractTestNGCucumberTests" name="runScenario" time="21.361"/>
  <testcase classname="io.cucumber.testng.AbstractTestNGCucumberTests" name="runScenario" time="21.541"/>
</testsuite> <!-- Surefire test -->
