<?xml version="1.0" encoding="UTF-8"?>
<!-- Generated by org.testng.reporters.JUnitReportReporter -->
<testsuite hostname="INNOWAVE-644" failures="1" tests="1" name="cucumberOptions.FailedTestRunner" time="8.249" errors="0" timestamp="2022-06-21T11:44:31 WEST" skipped="0">
  <testcase classname="cucumberOptions.FailedTestRunner" name="runScenario" time="8.249">
    <failure message="expected:&lt;[No data]&gt; but was:&lt;[Beetroot]&gt;" type="junit.framework.ComparisonFailure">
      <![CDATA[junit.framework.ComparisonFailure: expected:<[No data]> but was:<[Beetroot]>
at junit.framework.Assert.assertEquals(Assert.java:100)
at junit.framework.Assert.assertEquals(Assert.java:107)
at stepDefinitions.OfferPageStepDefinition.validate_product_name_matches_with_landing_page(OfferPageStepDefinition.java:57)
at ✽.Validate product name matches with Landing Page(file:///C:/Users/rita.trindade/eclipse-workspace/CucumberFramework/src/test/java/features/seachProduct.feature:8)
]]>
    </failure>
  </testcase> <!-- runScenario -->
  <system-out/>
</testsuite> <!-- cucumberOptions.FailedTestRunner -->
